<?xml version="1.0" encoding="UTF-8"?>
<testsuite name="Checkout Product Test"
           tests="3"
           failures="0"
           errors="0"
           skipped="0"
           time="73.238">
    <properties></properties>



            <testcase
                name="tc0017_payment_mode_check_test"
                time="23.186"
                classname="testcases.TestCheckout">
            </testcase>
            <testcase
                name="tc0018_blank_mandatory_field_test"
                time="24.826"
                classname="testcases.TestCheckout">
            </testcase>
            <testcase
                name="tc0019_payment_details_test"
                time="25.226"
                classname="testcases.TestCheckout">
            </testcase>
</testsuite>
