<?xml version="1.0" encoding="UTF-8"?>
<testsuite name="Login Test"
           tests="2"
           failures="0"
           errors="0"
           skipped="0"
           time="47.594">
    <properties></properties>



            <testcase
                name="tc0007_invalid_email_login_test"
                time="23.846"
                classname="testcases.TestUserLogin">
            </testcase>
            <testcase
                name="tc0006_login_user_test"
                time="23.748"
                classname="testcases.TestUserLogin">
            </testcase>
</testsuite>
