<?xml version="1.0" encoding="UTF-8"?>
<testsuite name="Checkout Product Test"
           tests="3"
           failures="0"
           errors="0"
           skipped="0"
           time="84.350">
    <properties></properties>



            <testcase
                name="tc0017_payment_mode_check_test"
                time="26.720"
                classname="testcases.TestCheckout">
            </testcase>
            <testcase
                name="tc0019_payment_details_test"
                time="28.476"
                classname="testcases.TestCheckout">
            </testcase>
            <testcase
                name="tc0018_blank_mandatory_field_test"
                time="29.154"
                classname="testcases.TestCheckout">
            </testcase>
</testsuite>
